timestamp: 2020-05-12T21:23:18.776897
CREATE TABLE "auth_user"(
    "id" INTEGER PRIMARY KEY AUTOINCREMENT,
    "username" CHAR(512) UNIQUE,
    "email" CHAR(512) UNIQUE,
    "password" CHAR(512),
    "first_name" CHAR(512),
    "last_name" CHAR(512),
    "sso_id" CHAR(512),
    "action_token" CHAR(512),
    "last_password_change" TIMESTAMP
);
success!
timestamp: 2020-05-12T21:23:18.804096
CREATE TABLE "auth_user_tag_groups"(
    "id" INTEGER PRIMARY KEY AUTOINCREMENT,
    "path" CHAR(512),
    "record_id" INTEGER REFERENCES "auth_user" ("id") ON DELETE CASCADE  
);
success!
timestamp: 2020-05-12T21:23:18.816264
CREATE TABLE "feed_item"(
    "id" INTEGER PRIMARY KEY AUTOINCREMENT,
    "body" TEXT,
    "created_on" TIMESTAMP,
    "created_by" INTEGER REFERENCES "auth_user" ("id") ON DELETE CASCADE  ,
    "modified_on" TIMESTAMP,
    "modified_by" INTEGER REFERENCES "auth_user" ("id") ON DELETE CASCADE  ,
    "is_active" CHAR(1)
);
success!
timestamp: 2020-05-12T21:23:18.832419
CREATE TABLE "item_like"(
    "id" INTEGER PRIMARY KEY AUTOINCREMENT,
    "item_id" INTEGER REFERENCES "feed_item" ("id") ON DELETE CASCADE  ,
    "created_on" TIMESTAMP,
    "created_by" INTEGER REFERENCES "auth_user" ("id") ON DELETE CASCADE  ,
    "modified_on" TIMESTAMP,
    "modified_by" INTEGER REFERENCES "auth_user" ("id") ON DELETE CASCADE  ,
    "is_active" CHAR(1)
);
success!
timestamp: 2020-05-12T21:23:18.843510
CREATE TABLE "friend_request"(
    "id" INTEGER PRIMARY KEY AUTOINCREMENT,
    "from_user" INTEGER REFERENCES "auth_user" ("id") ON DELETE CASCADE  ,
    "to_user" INTEGER REFERENCES "auth_user" ("id") ON DELETE CASCADE  ,
    "status" CHAR(512)
);
success!
